11-Jan-2023 18:52:48.971 INFO [main] org.apache.catalina.startup.VersionLoggerListener.log Server version name:   Apache Tomcat/8.5.84
11-Jan-2023 18:52:48.975 INFO [main] org.apache.catalina.startup.VersionLoggerListener.log Server built:          Nov 16 2022 13:34:24 UTC
11-Jan-2023 18:52:48.976 INFO [main] org.apache.catalina.startup.VersionLoggerListener.log Server version number: 8.5.84.0
11-Jan-2023 18:52:48.976 INFO [main] org.apache.catalina.startup.VersionLoggerListener.log OS Name:               Windows 10
11-Jan-2023 18:52:48.976 INFO [main] org.apache.catalina.startup.VersionLoggerListener.log OS Version:            10.0
11-Jan-2023 18:52:48.976 INFO [main] org.apache.catalina.startup.VersionLoggerListener.log Architecture:          amd64
11-Jan-2023 18:52:48.976 INFO [main] org.apache.catalina.startup.VersionLoggerListener.log Java Home:             D:\Apps\Java11
11-Jan-2023 18:52:48.977 INFO [main] org.apache.catalina.startup.VersionLoggerListener.log JVM Version:           11.0.17+8-LTS
11-Jan-2023 18:52:48.977 INFO [main] org.apache.catalina.startup.VersionLoggerListener.log JVM Vendor:            Amazon.com Inc.
11-Jan-2023 18:52:48.977 INFO [main] org.apache.catalina.startup.VersionLoggerListener.log CATALINA_BASE:         D:\FAX\4_Godina\1_Semestar\XML_I_Web_Servisi\Projekat\XML-projekat\apache-tomcat-8.5.84
11-Jan-2023 18:52:48.977 INFO [main] org.apache.catalina.startup.VersionLoggerListener.log CATALINA_HOME:         D:\FAX\4_Godina\1_Semestar\XML_I_Web_Servisi\Projekat\XML-projekat\apache-tomcat-8.5.84
11-Jan-2023 18:52:48.978 INFO [main] org.apache.catalina.startup.VersionLoggerListener.log Command line argument: --add-opens=java.base/java.lang=ALL-UNNAMED
11-Jan-2023 18:52:48.978 INFO [main] org.apache.catalina.startup.VersionLoggerListener.log Command line argument: --add-opens=java.base/java.io=ALL-UNNAMED
11-Jan-2023 18:52:48.979 INFO [main] org.apache.catalina.startup.VersionLoggerListener.log Command line argument: --add-opens=java.base/java.util=ALL-UNNAMED
11-Jan-2023 18:52:48.979 INFO [main] org.apache.catalina.startup.VersionLoggerListener.log Command line argument: --add-opens=java.base/java.util.concurrent=ALL-UNNAMED
11-Jan-2023 18:52:48.979 INFO [main] org.apache.catalina.startup.VersionLoggerListener.log Command line argument: --add-opens=java.rmi/sun.rmi.transport=ALL-UNNAMED
11-Jan-2023 18:52:48.979 INFO [main] org.apache.catalina.startup.VersionLoggerListener.log Command line argument: -Djava.util.logging.config.file=D:\FAX\4_Godina\1_Semestar\XML_I_Web_Servisi\Projekat\XML-projekat\apache-tomcat-8.5.84\conf\logging.properties
11-Jan-2023 18:52:48.980 INFO [main] org.apache.catalina.startup.VersionLoggerListener.log Command line argument: -Djava.util.logging.manager=org.apache.juli.ClassLoaderLogManager
11-Jan-2023 18:52:48.981 INFO [main] org.apache.catalina.startup.VersionLoggerListener.log Command line argument: -Djdk.tls.ephemeralDHKeySize=2048
11-Jan-2023 18:52:48.981 INFO [main] org.apache.catalina.startup.VersionLoggerListener.log Command line argument: -Djava.protocol.handler.pkgs=org.apache.catalina.webresources
11-Jan-2023 18:52:48.982 INFO [main] org.apache.catalina.startup.VersionLoggerListener.log Command line argument: -Dignore.endorsed.dirs=
11-Jan-2023 18:52:48.982 INFO [main] org.apache.catalina.startup.VersionLoggerListener.log Command line argument: -Dcatalina.base=D:\FAX\4_Godina\1_Semestar\XML_I_Web_Servisi\Projekat\XML-projekat\apache-tomcat-8.5.84
11-Jan-2023 18:52:48.983 INFO [main] org.apache.catalina.startup.VersionLoggerListener.log Command line argument: -Dcatalina.home=D:\FAX\4_Godina\1_Semestar\XML_I_Web_Servisi\Projekat\XML-projekat\apache-tomcat-8.5.84
11-Jan-2023 18:52:48.983 INFO [main] org.apache.catalina.startup.VersionLoggerListener.log Command line argument: -Djava.io.tmpdir=D:\FAX\4_Godina\1_Semestar\XML_I_Web_Servisi\Projekat\XML-projekat\apache-tomcat-8.5.84\temp
11-Jan-2023 18:52:48.984 INFO [main] org.apache.catalina.core.AprLifecycleListener.lifecycleEvent The Apache Tomcat Native library which allows using OpenSSL was not found on the java.library.path: [D:\Apps\Java11\bin;C:\WINDOWS\Sun\Java\bin;C:\WINDOWS\system32;C:\WINDOWS;C:\Program Files\NVIDIA GPU Computing Toolkit\CUDA\v11.7\bin;C:\Program Files\NVIDIA GPU Computing Toolkit\CUDA\v11.7\libnvvp;C:\WINDOWS\system32;C:\WINDOWS;C:\WINDOWS\System32\Wbem;C:\WINDOWS\System32\WindowsPowerShell\v1.0\;C:\WINDOWS\System32\OpenSSH\;C:\Program Files\NVIDIA Corporation\NVIDIA NvDLISR;C:\Program Files (x86)\NVIDIA Corporation\PhysX\Common;C:\Program Files\dotnet\;C:\Program Files\NVIDIA Corporation\Nsight Compute 2022.2.1\;C:\Program Files\Git\cmd;D:\Apps\Java11\bin;D:\Apps\Anaconda3;D:\Apps\Anaconda3\Library\mingw-w64\bin;D:\Apps\Anaconda3\Library\usr\bin;D:\Apps\Anaconda3\Library\bin;D:\Apps\Anaconda3\Scripts;C:\Users\Peki\AppData\Local\Microsoft\WindowsApps;D:\Apps\Microsoft VS Code\bin;C:\Users\Peki\AppData\Local\GitHubDesktop\bin;.]
11-Jan-2023 18:52:49.053 INFO [main] org.apache.coyote.AbstractProtocol.init Initializing ProtocolHandler ["http-nio-8080"]
11-Jan-2023 18:52:49.077 INFO [main] org.apache.catalina.startup.Catalina.load Initialization processed in 551 ms
11-Jan-2023 18:52:49.133 INFO [main] org.apache.catalina.core.StandardService.startInternal Starting service [Catalina]
11-Jan-2023 18:52:49.133 INFO [main] org.apache.catalina.core.StandardEngine.startInternal Starting Servlet engine: [Apache Tomcat/8.5.84]
11-Jan-2023 18:52:49.168 INFO [localhost-startStop-1] org.apache.catalina.startup.HostConfig.deployWAR Deploying web application archive [D:\FAX\4_Godina\1_Semestar\XML_I_Web_Servisi\Projekat\XML-projekat\apache-tomcat-8.5.84\webapps\fuseki.war]
11-Jan-2023 18:52:52.698 INFO [localhost-startStop-1] org.apache.jasper.servlet.TldScanner.scanJars At least one JAR was scanned for TLDs yet contained no TLDs. Enable debug logging for this logger for a complete list of JARs that were scanned but no TLDs were found in them. Skipping unneeded JARs during scanning can improve startup time and JSP compilation time.
11-Jan-2023 18:52:57.094 INFO [localhost-startStop-1] org.apache.catalina.startup.HostConfig.deployWAR Deployment of web application archive [D:\FAX\4_Godina\1_Semestar\XML_I_Web_Servisi\Projekat\XML-projekat\apache-tomcat-8.5.84\webapps\fuseki.war] has finished in [7,925] ms
11-Jan-2023 18:52:57.095 INFO [localhost-startStop-1] org.apache.catalina.startup.HostConfig.deployDirectory Deploying web application directory [D:\FAX\4_Godina\1_Semestar\XML_I_Web_Servisi\Projekat\XML-projekat\apache-tomcat-8.5.84\webapps\docs]
11-Jan-2023 18:52:57.115 INFO [localhost-startStop-1] org.apache.catalina.startup.HostConfig.deployDirectory Deployment of web application directory [D:\FAX\4_Godina\1_Semestar\XML_I_Web_Servisi\Projekat\XML-projekat\apache-tomcat-8.5.84\webapps\docs] has finished in [20] ms
11-Jan-2023 18:52:57.116 INFO [localhost-startStop-1] org.apache.catalina.startup.HostConfig.deployDirectory Deploying web application directory [D:\FAX\4_Godina\1_Semestar\XML_I_Web_Servisi\Projekat\XML-projekat\apache-tomcat-8.5.84\webapps\examples]
11-Jan-2023 18:52:57.362 INFO [localhost-startStop-1] org.apache.catalina.startup.HostConfig.deployDirectory Deployment of web application directory [D:\FAX\4_Godina\1_Semestar\XML_I_Web_Servisi\Projekat\XML-projekat\apache-tomcat-8.5.84\webapps\examples] has finished in [246] ms
11-Jan-2023 18:52:57.363 INFO [localhost-startStop-1] org.apache.catalina.startup.HostConfig.deployDirectory Deploying web application directory [D:\FAX\4_Godina\1_Semestar\XML_I_Web_Servisi\Projekat\XML-projekat\apache-tomcat-8.5.84\webapps\host-manager]
11-Jan-2023 18:52:57.391 INFO [localhost-startStop-1] org.apache.catalina.startup.HostConfig.deployDirectory Deployment of web application directory [D:\FAX\4_Godina\1_Semestar\XML_I_Web_Servisi\Projekat\XML-projekat\apache-tomcat-8.5.84\webapps\host-manager] has finished in [27] ms
11-Jan-2023 18:52:57.391 INFO [localhost-startStop-1] org.apache.catalina.startup.HostConfig.deployDirectory Deploying web application directory [D:\FAX\4_Godina\1_Semestar\XML_I_Web_Servisi\Projekat\XML-projekat\apache-tomcat-8.5.84\webapps\manager]
11-Jan-2023 18:52:57.417 INFO [localhost-startStop-1] org.apache.catalina.startup.HostConfig.deployDirectory Deployment of web application directory [D:\FAX\4_Godina\1_Semestar\XML_I_Web_Servisi\Projekat\XML-projekat\apache-tomcat-8.5.84\webapps\manager] has finished in [26] ms
11-Jan-2023 18:52:57.418 INFO [localhost-startStop-1] org.apache.catalina.startup.HostConfig.deployDirectory Deploying web application directory [D:\FAX\4_Godina\1_Semestar\XML_I_Web_Servisi\Projekat\XML-projekat\apache-tomcat-8.5.84\webapps\ROOT]
11-Jan-2023 18:52:57.437 INFO [localhost-startStop-1] org.apache.catalina.startup.HostConfig.deployDirectory Deployment of web application directory [D:\FAX\4_Godina\1_Semestar\XML_I_Web_Servisi\Projekat\XML-projekat\apache-tomcat-8.5.84\webapps\ROOT] has finished in [19] ms
11-Jan-2023 18:52:57.442 INFO [main] org.apache.coyote.AbstractProtocol.start Starting ProtocolHandler ["http-nio-8080"]
11-Jan-2023 18:52:57.460 INFO [main] org.apache.catalina.startup.Catalina.start Server startup in 8382 ms
11-Jan-2023 18:54:06.376 INFO [main] org.apache.catalina.startup.VersionLoggerListener.log Server version name:   Apache Tomcat/8.5.84
11-Jan-2023 18:54:06.379 INFO [main] org.apache.catalina.startup.VersionLoggerListener.log Server built:          Nov 16 2022 13:34:24 UTC
11-Jan-2023 18:54:06.380 INFO [main] org.apache.catalina.startup.VersionLoggerListener.log Server version number: 8.5.84.0
11-Jan-2023 18:54:06.380 INFO [main] org.apache.catalina.startup.VersionLoggerListener.log OS Name:               Windows 10
11-Jan-2023 18:54:06.380 INFO [main] org.apache.catalina.startup.VersionLoggerListener.log OS Version:            10.0
11-Jan-2023 18:54:06.380 INFO [main] org.apache.catalina.startup.VersionLoggerListener.log Architecture:          amd64
11-Jan-2023 18:54:06.380 INFO [main] org.apache.catalina.startup.VersionLoggerListener.log Java Home:             D:\Apps\Java11
11-Jan-2023 18:54:06.381 INFO [main] org.apache.catalina.startup.VersionLoggerListener.log JVM Version:           11.0.17+8-LTS
11-Jan-2023 18:54:06.381 INFO [main] org.apache.catalina.startup.VersionLoggerListener.log JVM Vendor:            Amazon.com Inc.
11-Jan-2023 18:54:06.381 INFO [main] org.apache.catalina.startup.VersionLoggerListener.log CATALINA_BASE:         D:\FAX\4_Godina\1_Semestar\XML_I_Web_Servisi\Projekat\XML-projekat\jena-fuseki
11-Jan-2023 18:54:06.381 INFO [main] org.apache.catalina.startup.VersionLoggerListener.log CATALINA_HOME:         D:\FAX\4_Godina\1_Semestar\XML_I_Web_Servisi\Projekat\XML-projekat\jena-fuseki
11-Jan-2023 18:54:06.382 INFO [main] org.apache.catalina.startup.VersionLoggerListener.log Command line argument: --add-opens=java.base/java.lang=ALL-UNNAMED
11-Jan-2023 18:54:06.382 INFO [main] org.apache.catalina.startup.VersionLoggerListener.log Command line argument: --add-opens=java.base/java.io=ALL-UNNAMED
11-Jan-2023 18:54:06.382 INFO [main] org.apache.catalina.startup.VersionLoggerListener.log Command line argument: --add-opens=java.base/java.util=ALL-UNNAMED
11-Jan-2023 18:54:06.382 INFO [main] org.apache.catalina.startup.VersionLoggerListener.log Command line argument: --add-opens=java.base/java.util.concurrent=ALL-UNNAMED
11-Jan-2023 18:54:06.382 INFO [main] org.apache.catalina.startup.VersionLoggerListener.log Command line argument: --add-opens=java.rmi/sun.rmi.transport=ALL-UNNAMED
11-Jan-2023 18:54:06.383 INFO [main] org.apache.catalina.startup.VersionLoggerListener.log Command line argument: -Djava.util.logging.config.file=D:\FAX\4_Godina\1_Semestar\XML_I_Web_Servisi\Projekat\XML-projekat\jena-fuseki\conf\logging.properties
11-Jan-2023 18:54:06.384 INFO [main] org.apache.catalina.startup.VersionLoggerListener.log Command line argument: -Djava.util.logging.manager=org.apache.juli.ClassLoaderLogManager
11-Jan-2023 18:54:06.384 INFO [main] org.apache.catalina.startup.VersionLoggerListener.log Command line argument: -Djdk.tls.ephemeralDHKeySize=2048
11-Jan-2023 18:54:06.384 INFO [main] org.apache.catalina.startup.VersionLoggerListener.log Command line argument: -Djava.protocol.handler.pkgs=org.apache.catalina.webresources
11-Jan-2023 18:54:06.385 INFO [main] org.apache.catalina.startup.VersionLoggerListener.log Command line argument: -Dignore.endorsed.dirs=
11-Jan-2023 18:54:06.385 INFO [main] org.apache.catalina.startup.VersionLoggerListener.log Command line argument: -Dcatalina.base=D:\FAX\4_Godina\1_Semestar\XML_I_Web_Servisi\Projekat\XML-projekat\jena-fuseki
11-Jan-2023 18:54:06.386 INFO [main] org.apache.catalina.startup.VersionLoggerListener.log Command line argument: -Dcatalina.home=D:\FAX\4_Godina\1_Semestar\XML_I_Web_Servisi\Projekat\XML-projekat\jena-fuseki
11-Jan-2023 18:54:06.386 INFO [main] org.apache.catalina.startup.VersionLoggerListener.log Command line argument: -Djava.io.tmpdir=D:\FAX\4_Godina\1_Semestar\XML_I_Web_Servisi\Projekat\XML-projekat\jena-fuseki\temp
11-Jan-2023 18:54:06.387 INFO [main] org.apache.catalina.core.AprLifecycleListener.lifecycleEvent The Apache Tomcat Native library which allows using OpenSSL was not found on the java.library.path: [D:\Apps\Java11\bin;C:\WINDOWS\Sun\Java\bin;C:\WINDOWS\system32;C:\WINDOWS;C:\Program Files\NVIDIA GPU Computing Toolkit\CUDA\v11.7\bin;C:\Program Files\NVIDIA GPU Computing Toolkit\CUDA\v11.7\libnvvp;C:\WINDOWS\system32;C:\WINDOWS;C:\WINDOWS\System32\Wbem;C:\WINDOWS\System32\WindowsPowerShell\v1.0\;C:\WINDOWS\System32\OpenSSH\;C:\Program Files\NVIDIA Corporation\NVIDIA NvDLISR;C:\Program Files (x86)\NVIDIA Corporation\PhysX\Common;C:\Program Files\dotnet\;C:\Program Files\NVIDIA Corporation\Nsight Compute 2022.2.1\;C:\Program Files\Git\cmd;D:\Apps\Java11\bin;D:\Apps\Anaconda3;D:\Apps\Anaconda3\Library\mingw-w64\bin;D:\Apps\Anaconda3\Library\usr\bin;D:\Apps\Anaconda3\Library\bin;D:\Apps\Anaconda3\Scripts;C:\Users\Peki\AppData\Local\Microsoft\WindowsApps;D:\Apps\Microsoft VS Code\bin;C:\Users\Peki\AppData\Local\GitHubDesktop\bin;.]
11-Jan-2023 18:54:06.432 INFO [main] org.apache.coyote.AbstractProtocol.init Initializing ProtocolHandler ["http-nio-8081"]
11-Jan-2023 18:54:06.457 INFO [main] org.apache.catalina.startup.Catalina.load Initialization processed in 524 ms
11-Jan-2023 18:54:06.511 INFO [main] org.apache.catalina.core.StandardService.startInternal Starting service [Catalina]
11-Jan-2023 18:54:06.511 INFO [main] org.apache.catalina.core.StandardEngine.startInternal Starting Servlet engine: [Apache Tomcat/8.5.84]
11-Jan-2023 18:54:06.536 INFO [localhost-startStop-1] org.apache.catalina.startup.HostConfig.deployWAR Deploying web application archive [D:\FAX\4_Godina\1_Semestar\XML_I_Web_Servisi\Projekat\XML-projekat\jena-fuseki\webapps\fuseki.war]
11-Jan-2023 18:54:09.470 INFO [localhost-startStop-1] org.apache.jasper.servlet.TldScanner.scanJars At least one JAR was scanned for TLDs yet contained no TLDs. Enable debug logging for this logger for a complete list of JARs that were scanned but no TLDs were found in them. Skipping unneeded JARs during scanning can improve startup time and JSP compilation time.
11-Jan-2023 18:54:12.940 INFO [localhost-startStop-1] org.apache.catalina.startup.HostConfig.deployWAR Deployment of web application archive [D:\FAX\4_Godina\1_Semestar\XML_I_Web_Servisi\Projekat\XML-projekat\jena-fuseki\webapps\fuseki.war] has finished in [6,404] ms
11-Jan-2023 18:54:12.941 INFO [localhost-startStop-1] org.apache.catalina.startup.HostConfig.deployDirectory Deploying web application directory [D:\FAX\4_Godina\1_Semestar\XML_I_Web_Servisi\Projekat\XML-projekat\jena-fuseki\webapps\docs]
11-Jan-2023 18:54:12.961 INFO [localhost-startStop-1] org.apache.catalina.startup.HostConfig.deployDirectory Deployment of web application directory [D:\FAX\4_Godina\1_Semestar\XML_I_Web_Servisi\Projekat\XML-projekat\jena-fuseki\webapps\docs] has finished in [20] ms
11-Jan-2023 18:54:12.962 INFO [localhost-startStop-1] org.apache.catalina.startup.HostConfig.deployDirectory Deploying web application directory [D:\FAX\4_Godina\1_Semestar\XML_I_Web_Servisi\Projekat\XML-projekat\jena-fuseki\webapps\examples]
11-Jan-2023 18:54:13.210 INFO [localhost-startStop-1] org.apache.catalina.startup.HostConfig.deployDirectory Deployment of web application directory [D:\FAX\4_Godina\1_Semestar\XML_I_Web_Servisi\Projekat\XML-projekat\jena-fuseki\webapps\examples] has finished in [248] ms
11-Jan-2023 18:54:13.210 INFO [localhost-startStop-1] org.apache.catalina.startup.HostConfig.deployDirectory Deploying web application directory [D:\FAX\4_Godina\1_Semestar\XML_I_Web_Servisi\Projekat\XML-projekat\jena-fuseki\webapps\host-manager]
11-Jan-2023 18:54:13.238 INFO [localhost-startStop-1] org.apache.catalina.startup.HostConfig.deployDirectory Deployment of web application directory [D:\FAX\4_Godina\1_Semestar\XML_I_Web_Servisi\Projekat\XML-projekat\jena-fuseki\webapps\host-manager] has finished in [28] ms
11-Jan-2023 18:54:13.239 INFO [localhost-startStop-1] org.apache.catalina.startup.HostConfig.deployDirectory Deploying web application directory [D:\FAX\4_Godina\1_Semestar\XML_I_Web_Servisi\Projekat\XML-projekat\jena-fuseki\webapps\manager]
11-Jan-2023 18:54:13.263 INFO [localhost-startStop-1] org.apache.catalina.startup.HostConfig.deployDirectory Deployment of web application directory [D:\FAX\4_Godina\1_Semestar\XML_I_Web_Servisi\Projekat\XML-projekat\jena-fuseki\webapps\manager] has finished in [24] ms
11-Jan-2023 18:54:13.264 INFO [localhost-startStop-1] org.apache.catalina.startup.HostConfig.deployDirectory Deploying web application directory [D:\FAX\4_Godina\1_Semestar\XML_I_Web_Servisi\Projekat\XML-projekat\jena-fuseki\webapps\ROOT]
11-Jan-2023 18:54:13.284 INFO [localhost-startStop-1] org.apache.catalina.startup.HostConfig.deployDirectory Deployment of web application directory [D:\FAX\4_Godina\1_Semestar\XML_I_Web_Servisi\Projekat\XML-projekat\jena-fuseki\webapps\ROOT] has finished in [20] ms
11-Jan-2023 18:54:13.288 INFO [main] org.apache.coyote.AbstractProtocol.start Starting ProtocolHandler ["http-nio-8081"]
11-Jan-2023 18:54:13.305 INFO [main] org.apache.catalina.startup.Catalina.start Server startup in 6847 ms
