13-Jan-2023 13:44:25.320 INFO [main] org.apache.catalina.startup.VersionLoggerListener.log Server version name:   Apache Tomcat/8.5.84
13-Jan-2023 13:44:25.325 INFO [main] org.apache.catalina.startup.VersionLoggerListener.log Server built:          Nov 16 2022 13:34:24 UTC
13-Jan-2023 13:44:25.325 INFO [main] org.apache.catalina.startup.VersionLoggerListener.log Server version number: 8.5.84.0
13-Jan-2023 13:44:25.326 INFO [main] org.apache.catalina.startup.VersionLoggerListener.log OS Name:               Windows 10
13-Jan-2023 13:44:25.326 INFO [main] org.apache.catalina.startup.VersionLoggerListener.log OS Version:            10.0
13-Jan-2023 13:44:25.326 INFO [main] org.apache.catalina.startup.VersionLoggerListener.log Architecture:          amd64
13-Jan-2023 13:44:25.326 INFO [main] org.apache.catalina.startup.VersionLoggerListener.log Java Home:             D:\Apps\Java11
13-Jan-2023 13:44:25.326 INFO [main] org.apache.catalina.startup.VersionLoggerListener.log JVM Version:           11.0.17+8-LTS
13-Jan-2023 13:44:25.326 INFO [main] org.apache.catalina.startup.VersionLoggerListener.log JVM Vendor:            Amazon.com Inc.
13-Jan-2023 13:44:25.327 INFO [main] org.apache.catalina.startup.VersionLoggerListener.log CATALINA_BASE:         D:\FAX\4_Godina\1_Semestar\XML_I_Web_Servisi\Projekat\XML-projekat\jena-fuseki
13-Jan-2023 13:44:25.327 INFO [main] org.apache.catalina.startup.VersionLoggerListener.log CATALINA_HOME:         D:\FAX\4_Godina\1_Semestar\XML_I_Web_Servisi\Projekat\XML-projekat\jena-fuseki
13-Jan-2023 13:44:25.337 INFO [main] org.apache.catalina.startup.VersionLoggerListener.log Command line argument: --add-opens=java.base/java.lang=ALL-UNNAMED
13-Jan-2023 13:44:25.338 INFO [main] org.apache.catalina.startup.VersionLoggerListener.log Command line argument: --add-opens=java.base/java.io=ALL-UNNAMED
13-Jan-2023 13:44:25.339 INFO [main] org.apache.catalina.startup.VersionLoggerListener.log Command line argument: --add-opens=java.base/java.util=ALL-UNNAMED
13-Jan-2023 13:44:25.339 INFO [main] org.apache.catalina.startup.VersionLoggerListener.log Command line argument: --add-opens=java.base/java.util.concurrent=ALL-UNNAMED
13-Jan-2023 13:44:25.339 INFO [main] org.apache.catalina.startup.VersionLoggerListener.log Command line argument: --add-opens=java.rmi/sun.rmi.transport=ALL-UNNAMED
13-Jan-2023 13:44:25.341 INFO [main] org.apache.catalina.startup.VersionLoggerListener.log Command line argument: -Djava.util.logging.config.file=D:\FAX\4_Godina\1_Semestar\XML_I_Web_Servisi\Projekat\XML-projekat\jena-fuseki\conf\logging.properties
13-Jan-2023 13:44:25.343 INFO [main] org.apache.catalina.startup.VersionLoggerListener.log Command line argument: -Djava.util.logging.manager=org.apache.juli.ClassLoaderLogManager
13-Jan-2023 13:44:25.344 INFO [main] org.apache.catalina.startup.VersionLoggerListener.log Command line argument: -Djdk.tls.ephemeralDHKeySize=2048
13-Jan-2023 13:44:25.345 INFO [main] org.apache.catalina.startup.VersionLoggerListener.log Command line argument: -Djava.protocol.handler.pkgs=org.apache.catalina.webresources
13-Jan-2023 13:44:25.346 INFO [main] org.apache.catalina.startup.VersionLoggerListener.log Command line argument: -Dignore.endorsed.dirs=
13-Jan-2023 13:44:25.347 INFO [main] org.apache.catalina.startup.VersionLoggerListener.log Command line argument: -Dcatalina.base=D:\FAX\4_Godina\1_Semestar\XML_I_Web_Servisi\Projekat\XML-projekat\jena-fuseki
13-Jan-2023 13:44:25.352 INFO [main] org.apache.catalina.startup.VersionLoggerListener.log Command line argument: -Dcatalina.home=D:\FAX\4_Godina\1_Semestar\XML_I_Web_Servisi\Projekat\XML-projekat\jena-fuseki
13-Jan-2023 13:44:25.353 INFO [main] org.apache.catalina.startup.VersionLoggerListener.log Command line argument: -Djava.io.tmpdir=D:\FAX\4_Godina\1_Semestar\XML_I_Web_Servisi\Projekat\XML-projekat\jena-fuseki\temp
13-Jan-2023 13:44:25.355 INFO [main] org.apache.catalina.core.AprLifecycleListener.lifecycleEvent The Apache Tomcat Native library which allows using OpenSSL was not found on the java.library.path: [D:\Apps\Java11\bin;C:\WINDOWS\Sun\Java\bin;C:\WINDOWS\system32;C:\WINDOWS;C:\Program Files\NVIDIA GPU Computing Toolkit\CUDA\v11.7\bin;C:\Program Files\NVIDIA GPU Computing Toolkit\CUDA\v11.7\libnvvp;C:\WINDOWS\system32;C:\WINDOWS;C:\WINDOWS\System32\Wbem;C:\WINDOWS\System32\WindowsPowerShell\v1.0\;C:\WINDOWS\System32\OpenSSH\;C:\Program Files\NVIDIA Corporation\NVIDIA NvDLISR;C:\Program Files (x86)\NVIDIA Corporation\PhysX\Common;C:\Program Files\dotnet\;C:\Program Files\NVIDIA Corporation\Nsight Compute 2022.2.1\;C:\Program Files\Git\cmd;D:\Apps\Java11\bin;D:\Apps\Anaconda3;D:\Apps\Anaconda3\Library\mingw-w64\bin;D:\Apps\Anaconda3\Library\usr\bin;D:\Apps\Anaconda3\Library\bin;D:\Apps\Anaconda3\Scripts;C:\Users\Peki\AppData\Local\Microsoft\WindowsApps;D:\Apps\Microsoft VS Code\bin;C:\Users\Peki\AppData\Local\GitHubDesktop\bin;.]
13-Jan-2023 13:44:25.438 INFO [main] org.apache.coyote.AbstractProtocol.init Initializing ProtocolHandler ["http-nio-8081"]
13-Jan-2023 13:44:25.467 INFO [main] org.apache.catalina.startup.Catalina.load Initialization processed in 918 ms
13-Jan-2023 13:44:25.552 INFO [main] org.apache.catalina.core.StandardService.startInternal Starting service [Catalina]
13-Jan-2023 13:44:25.553 INFO [main] org.apache.catalina.core.StandardEngine.startInternal Starting Servlet engine: [Apache Tomcat/8.5.84]
13-Jan-2023 13:44:25.714 INFO [localhost-startStop-1] org.apache.catalina.startup.HostConfig.deployWAR Deploying web application archive [D:\FAX\4_Godina\1_Semestar\XML_I_Web_Servisi\Projekat\XML-projekat\jena-fuseki\webapps\fuseki.war]
13-Jan-2023 13:44:33.006 INFO [localhost-startStop-1] org.apache.jasper.servlet.TldScanner.scanJars At least one JAR was scanned for TLDs yet contained no TLDs. Enable debug logging for this logger for a complete list of JARs that were scanned but no TLDs were found in them. Skipping unneeded JARs during scanning can improve startup time and JSP compilation time.
13-Jan-2023 13:44:37.451 INFO [localhost-startStop-1] org.apache.catalina.startup.HostConfig.deployWAR Deployment of web application archive [D:\FAX\4_Godina\1_Semestar\XML_I_Web_Servisi\Projekat\XML-projekat\jena-fuseki\webapps\fuseki.war] has finished in [11,736] ms
13-Jan-2023 13:44:37.452 INFO [localhost-startStop-1] org.apache.catalina.startup.HostConfig.deployDirectory Deploying web application directory [D:\FAX\4_Godina\1_Semestar\XML_I_Web_Servisi\Projekat\XML-projekat\jena-fuseki\webapps\docs]
13-Jan-2023 13:44:37.482 INFO [localhost-startStop-1] org.apache.catalina.startup.HostConfig.deployDirectory Deployment of web application directory [D:\FAX\4_Godina\1_Semestar\XML_I_Web_Servisi\Projekat\XML-projekat\jena-fuseki\webapps\docs] has finished in [30] ms
13-Jan-2023 13:44:37.482 INFO [localhost-startStop-1] org.apache.catalina.startup.HostConfig.deployDirectory Deploying web application directory [D:\FAX\4_Godina\1_Semestar\XML_I_Web_Servisi\Projekat\XML-projekat\jena-fuseki\webapps\examples]
13-Jan-2023 13:44:38.221 INFO [localhost-startStop-1] org.apache.catalina.startup.HostConfig.deployDirectory Deployment of web application directory [D:\FAX\4_Godina\1_Semestar\XML_I_Web_Servisi\Projekat\XML-projekat\jena-fuseki\webapps\examples] has finished in [738] ms
13-Jan-2023 13:44:38.221 INFO [localhost-startStop-1] org.apache.catalina.startup.HostConfig.deployDirectory Deploying web application directory [D:\FAX\4_Godina\1_Semestar\XML_I_Web_Servisi\Projekat\XML-projekat\jena-fuseki\webapps\host-manager]
13-Jan-2023 13:44:38.269 INFO [localhost-startStop-1] org.apache.catalina.startup.HostConfig.deployDirectory Deployment of web application directory [D:\FAX\4_Godina\1_Semestar\XML_I_Web_Servisi\Projekat\XML-projekat\jena-fuseki\webapps\host-manager] has finished in [48] ms
13-Jan-2023 13:44:38.269 INFO [localhost-startStop-1] org.apache.catalina.startup.HostConfig.deployDirectory Deploying web application directory [D:\FAX\4_Godina\1_Semestar\XML_I_Web_Servisi\Projekat\XML-projekat\jena-fuseki\webapps\manager]
13-Jan-2023 13:44:38.305 INFO [localhost-startStop-1] org.apache.catalina.startup.HostConfig.deployDirectory Deployment of web application directory [D:\FAX\4_Godina\1_Semestar\XML_I_Web_Servisi\Projekat\XML-projekat\jena-fuseki\webapps\manager] has finished in [36] ms
13-Jan-2023 13:44:38.306 INFO [localhost-startStop-1] org.apache.catalina.startup.HostConfig.deployDirectory Deploying web application directory [D:\FAX\4_Godina\1_Semestar\XML_I_Web_Servisi\Projekat\XML-projekat\jena-fuseki\webapps\ROOT]
13-Jan-2023 13:44:38.332 INFO [localhost-startStop-1] org.apache.catalina.startup.HostConfig.deployDirectory Deployment of web application directory [D:\FAX\4_Godina\1_Semestar\XML_I_Web_Servisi\Projekat\XML-projekat\jena-fuseki\webapps\ROOT] has finished in [26] ms
13-Jan-2023 13:44:38.336 INFO [main] org.apache.coyote.AbstractProtocol.start Starting ProtocolHandler ["http-nio-8081"]
13-Jan-2023 13:44:38.356 INFO [main] org.apache.catalina.startup.Catalina.start Server startup in 12888 ms
